[2025-09-03T22:07:34.685Z] info: kubernetes.yaml was copied to the config folder
[2025-09-03T22:07:36.527Z] info: docker.yaml was copied to the config folder
[2025-09-03T22:07:36.528Z] info: services.yaml was copied to the config folder
[2025-09-03T22:07:36.528Z] info: bookmarks.yaml was copied to the config folder
[2025-09-03T22:07:36.529Z] info: proxmox.yaml was copied to the config folder
[2025-09-03T22:07:36.534Z] info: widgets.yaml was copied to the config folder
[2025-09-03T22:07:36.534Z] info: custom.css was copied to the config folder
[2025-09-03T22:07:36.534Z] info: custom.js was copied to the config folder
[2025-09-10T18:26:19.797Z] error: <proxmoxStatsService> HTTP Error 403 calling Proxmox API
[2025-09-10T18:26:22.647Z] error: <proxmoxStatsService> HTTP Error 403 calling Proxmox API
[2025-09-10T18:26:26.941Z] error: <proxmoxStatsService> HTTP Error 403 calling Proxmox API
[2025-09-10T18:26:37.071Z] error: <proxmoxStatsService> HTTP Error 403 calling Proxmox API
[2025-09-10T18:26:40.104Z] error: <proxmoxStatsService> HTTP Error 403 calling Proxmox API
[2025-09-10T18:27:10.691Z] error: <proxmoxStatsService> HTTP Error 403 calling Proxmox API
[2025-09-10T18:27:11.249Z] error: <proxmoxStatsService> HTTP Error 403 calling Proxmox API
[2025-09-10T18:27:12.048Z] error: <proxmoxStatsService> HTTP Error 403 calling Proxmox API
[2025-09-10T18:27:27.480Z] error: <proxmoxStatsService> HTTP Error 403 calling Proxmox API
[2025-09-10T18:53:40.468Z] error: <proxmoxStatsService> HTTP Error 500 calling Proxmox API
[2025-09-10T18:53:41.114Z] error: <proxmoxStatsService> HTTP Error 500 calling Proxmox API
[2025-09-10T18:53:49.799Z] error: <proxmoxStatsService> HTTP Error 500 calling Proxmox API
[2025-09-10T19:03:13.822Z] error: <index> TypeError: a[Object.keys(...)[0]].map is not a function
    at /app/.next/server/pages/index.js:1:56977
    at Array.map (<anonymous>)
    at n (/app/.next/server/pages/index.js:1:56914)
    at async K (/app/.next/server/pages/index.js:1:15423)
    at async t9 (/app/node_modules/.pnpm/next@15.4.5_react-dom@18.3.1_react@18.3.1__react@18.3.1/node_modules/next/dist/compiled/next-server/pages.runtime.prod.js:12:4682)
    at async u (/app/.next/server/pages/index.js:4:58202)
    at async /app/node_modules/.pnpm/next@15.4.5_react-dom@18.3.1_react@18.3.1__react@18.3.1/node_modules/next/dist/compiled/next-server/pages.runtime.prod.js:1:64237
[2025-09-10T19:03:14.439Z] error: undefined
[2025-09-10T19:03:16.172Z] error: undefined
[2025-09-10T19:03:16.632Z] error: undefined
[2025-09-10T19:03:21.642Z] error: undefined
[2025-09-10T19:03:23.787Z] error: undefined
[2025-09-10T19:03:23.790Z] error: undefined
[2025-09-10T19:03:23.795Z] error: TypeError: Invalid URL
    at new URL (node:internal/url:825:25)
    at l (/app/.next/server/pages/index.js:1:27172)
    at Wc (/app/node_modules/.pnpm/react-dom@18.3.1_react@18.3.1/node_modules/react-dom/cjs/react-dom-server.browser.production.min.js:68:44)
    at Zc (/app/node_modules/.pnpm/react-dom@18.3.1_react@18.3.1/node_modules/react-dom/cjs/react-dom-server.browser.production.min.js:70:253)
    at Z (/app/node_modules/.pnpm/react-dom@18.3.1_react@18.3.1/node_modules/react-dom/cjs/react-dom-server.browser.production.min.js:76:89)
    at $c (/app/node_modules/.pnpm/react-dom@18.3.1_react@18.3.1/node_modules/react-dom/cjs/react-dom-server.browser.production.min.js:78:98)
    at bd (/app/node_modules/.pnpm/react-dom@18.3.1_react@18.3.1/node_modules/react-dom/cjs/react-dom-server.browser.production.min.js:77:404)
    at Z (/app/node_modules/.pnpm/react-dom@18.3.1_react@18.3.1/node_modules/react-dom/cjs/react-dom-server.browser.production.min.js:76:217)
    at $c (/app/node_modules/.pnpm/react-dom@18.3.1_react@18.3.1/node_modules/react-dom/cjs/react-dom-server.browser.production.min.js:78:98)
    at Zc (/app/node_modules/.pnpm/react-dom@18.3.1_react@18.3.1/node_modules/react-dom/cjs/react-dom-server.browser.production.min.js:71:145)
[2025-09-10T19:03:23.800Z] error: TypeError: Invalid URL
    at new URL (node:internal/url:825:25)
    at l (/app/.next/server/pages/index.js:1:27172)
    at Wc (/app/node_modules/.pnpm/react-dom@18.3.1_react@18.3.1/node_modules/react-dom/cjs/react-dom-server.browser.production.min.js:68:44)
    at Zc (/app/node_modules/.pnpm/react-dom@18.3.1_react@18.3.1/node_modules/react-dom/cjs/react-dom-server.browser.production.min.js:70:253)
    at Z (/app/node_modules/.pnpm/react-dom@18.3.1_react@18.3.1/node_modules/react-dom/cjs/react-dom-server.browser.production.min.js:76:89)
    at $c (/app/node_modules/.pnpm/react-dom@18.3.1_react@18.3.1/node_modules/react-dom/cjs/react-dom-server.browser.production.min.js:78:98)
    at bd (/app/node_modules/.pnpm/react-dom@18.3.1_react@18.3.1/node_modules/react-dom/cjs/react-dom-server.browser.production.min.js:77:404)
    at Z (/app/node_modules/.pnpm/react-dom@18.3.1_react@18.3.1/node_modules/react-dom/cjs/react-dom-server.browser.production.min.js:76:217)
    at $c (/app/node_modules/.pnpm/react-dom@18.3.1_react@18.3.1/node_modules/react-dom/cjs/react-dom-server.browser.production.min.js:78:98)
    at Zc (/app/node_modules/.pnpm/react-dom@18.3.1_react@18.3.1/node_modules/react-dom/cjs/react-dom-server.browser.production.min.js:71:145)
